
> lifenavigator-waitlist@0.0.0 build
> next build

  ▲ Next.js 14.2.29
  - Environments: .env.local

   Creating an optimized production build ...
 ✓ Compiled successfully
   Linting and checking validity of types ...
   Collecting page data ...
   Generating static pages (0/18) ...
   Generating static pages (4/18) 
   Generating static pages (8/18) 
   Generating static pages (13/18) 
ReferenceError: useRouter is not defined
    at j (/home/vboxuser/Documents/website/.next/server/pages/LoginPage.js:1:2699)
    at Wc (/home/vboxuser/Documents/website/node_modules/react-dom/cjs/react-dom-server.browser.production.min.js:68:44)
    at Zc (/home/vboxuser/Documents/website/node_modules/react-dom/cjs/react-dom-server.browser.production.min.js:70:253)
    at Z (/home/vboxuser/Documents/website/node_modules/react-dom/cjs/react-dom-server.browser.production.min.js:76:89)
    at Xc (/home/vboxuser/Documents/website/node_modules/react-dom/cjs/react-dom-server.browser.production.min.js:68:409)
    at Zc (/home/vboxuser/Documents/website/node_modules/react-dom/cjs/react-dom-server.browser.production.min.js:70:210)
    at Z (/home/vboxuser/Documents/website/node_modules/react-dom/cjs/react-dom-server.browser.production.min.js:76:89)
    at Zc (/home/vboxuser/Documents/website/node_modules/react-dom/cjs/react-dom-server.browser.production.min.js:70:481)
    at Z (/home/vboxuser/Documents/website/node_modules/react-dom/cjs/react-dom-server.browser.production.min.js:76:89)
    at $c (/home/vboxuser/Documents/website/node_modules/react-dom/cjs/react-dom-server.browser.production.min.js:78:98)

Error occurred prerendering page "/LoginPage". Read more: https://nextjs.org/docs/messages/prerender-error

ReferenceError: useRouter is not defined
    at j (/home/vboxuser/Documents/website/.next/server/pages/LoginPage.js:1:2699)
    at Wc (/home/vboxuser/Documents/website/node_modules/react-dom/cjs/react-dom-server.browser.production.min.js:68:44)
    at Zc (/home/vboxuser/Documents/website/node_modules/react-dom/cjs/react-dom-server.browser.production.min.js:70:253)
    at Z (/home/vboxuser/Documents/website/node_modules/react-dom/cjs/react-dom-server.browser.production.min.js:76:89)
    at Xc (/home/vboxuser/Documents/website/node_modules/react-dom/cjs/react-dom-server.browser.production.min.js:68:409)
    at Zc (/home/vboxuser/Documents/website/node_modules/react-dom/cjs/react-dom-server.browser.production.min.js:70:210)
    at Z (/home/vboxuser/Documents/website/node_modules/react-dom/cjs/react-dom-server.browser.production.min.js:76:89)
    at Zc (/home/vboxuser/Documents/website/node_modules/react-dom/cjs/react-dom-server.browser.production.min.js:70:481)
    at Z (/home/vboxuser/Documents/website/node_modules/react-dom/cjs/react-dom-server.browser.production.min.js:76:89)
    at $c (/home/vboxuser/Documents/website/node_modules/react-dom/cjs/react-dom-server.browser.production.min.js:78:98)
 ✓ Generating static pages (18/18)

> Export encountered errors on following paths:
	/LoginPage
